0 info it worked if it ends with ok
1 verbose cli [ 'node', '/usr/bin/npm', 'install' ]
2 info using npm@2.0.1
3 info using node@v0.10.28
4 verbose node symlink /usr/bin/node
5 verbose readDependencies using package.json deps
6 verbose install where, deps [ '/home/daniele/GitRepos/FENIX/fenix-ui-analysis',
6 verbose install   [ 'jquery',
6 verbose install     'intro.js',
6 verbose install     'nprogress',
6 verbose install     'jstree',
6 verbose install     'bootstrap',
6 verbose install     'requirejs',
6 verbose install     'draggabilly',
6 verbose install     'packery',
6 verbose install     'isotpe' ] ]
7 info preinstall fenix-ui-analysis@0.0.1
8 verbose readDependencies using package.json deps
9 verbose cache add [ 'jquery@~2.1.0', null ]
10 verbose cache add spec="jquery@~2.1.0" args=["jquery@~2.1.0",null]
11 verbose parsed spec { raw: 'jquery@~2.1.0',
11 verbose parsed spec   scope: null,
11 verbose parsed spec   name: 'jquery',
11 verbose parsed spec   rawSpec: '~2.1.0',
11 verbose parsed spec   spec: '>=2.1.0 <2.2.0',
11 verbose parsed spec   type: 'range' }
12 verbose cache add [ 'intro.js@~0.9.0', null ]
13 verbose cache add spec="intro.js@~0.9.0" args=["intro.js@~0.9.0",null]
14 verbose parsed spec { raw: 'intro.js@~0.9.0',
14 verbose parsed spec   scope: null,
14 verbose parsed spec   name: 'intro.js',
14 verbose parsed spec   rawSpec: '~0.9.0',
14 verbose parsed spec   spec: '>=0.9.0 <0.10.0',
14 verbose parsed spec   type: 'range' }
15 verbose parsed spec { raw: 'jquery@~2.1.0',
15 verbose parsed spec   scope: null,
15 verbose parsed spec   name: 'jquery',
15 verbose parsed spec   rawSpec: '~2.1.0',
15 verbose parsed spec   spec: '>=2.1.0 <2.2.0',
15 verbose parsed spec   type: 'range' }
16 verbose addNamed [ 'jquery', '>=2.1.0 <2.2.0' ]
17 verbose addNamed [ null, '>=2.1.0 <2.2.0' ]
18 verbose cache add [ 'bootstrap@~3.2.0', null ]
19 verbose cache add spec="bootstrap@~3.2.0" args=["bootstrap@~3.2.0",null]
20 verbose parsed spec { raw: 'bootstrap@~3.2.0',
20 verbose parsed spec   scope: null,
20 verbose parsed spec   name: 'bootstrap',
20 verbose parsed spec   rawSpec: '~3.2.0',
20 verbose parsed spec   spec: '>=3.2.0 <3.3.0',
20 verbose parsed spec   type: 'range' }
21 verbose cache add [ 'nprogress@~0.1.6', null ]
22 verbose cache add spec="nprogress@~0.1.6" args=["nprogress@~0.1.6",null]
23 verbose parsed spec { raw: 'nprogress@~0.1.6',
23 verbose parsed spec   scope: null,
23 verbose parsed spec   name: 'nprogress',
23 verbose parsed spec   rawSpec: '~0.1.6',
23 verbose parsed spec   spec: '>=0.1.6 <0.2.0',
23 verbose parsed spec   type: 'range' }
24 verbose cache add [ 'requirejs@~2.1.14', null ]
25 verbose cache add spec="requirejs@~2.1.14" args=["requirejs@~2.1.14",null]
26 verbose parsed spec { raw: 'requirejs@~2.1.14',
26 verbose parsed spec   scope: null,
26 verbose parsed spec   name: 'requirejs',
26 verbose parsed spec   rawSpec: '~2.1.14',
26 verbose parsed spec   spec: '>=2.1.14 <2.2.0',
26 verbose parsed spec   type: 'range' }
27 verbose cache add [ 'jstree@~3.0.8', null ]
28 verbose cache add spec="jstree@~3.0.8" args=["jstree@~3.0.8",null]
29 verbose parsed spec { raw: 'jstree@~3.0.8',
29 verbose parsed spec   scope: null,
29 verbose parsed spec   name: 'jstree',
29 verbose parsed spec   rawSpec: '~3.0.8',
29 verbose parsed spec   spec: '>=3.0.8 <3.1.0',
29 verbose parsed spec   type: 'range' }
30 verbose cache add [ 'draggabilly@~1.1.1', null ]
31 verbose cache add spec="draggabilly@~1.1.1" args=["draggabilly@~1.1.1",null]
32 verbose parsed spec { raw: 'draggabilly@~1.1.1',
32 verbose parsed spec   scope: null,
32 verbose parsed spec   name: 'draggabilly',
32 verbose parsed spec   rawSpec: '~1.1.1',
32 verbose parsed spec   spec: '>=1.1.1 <1.2.0',
32 verbose parsed spec   type: 'range' }
33 verbose cache add [ 'packery@~1.2.4', null ]
34 verbose cache add spec="packery@~1.2.4" args=["packery@~1.2.4",null]
35 verbose parsed spec { raw: 'packery@~1.2.4',
35 verbose parsed spec   scope: null,
35 verbose parsed spec   name: 'packery',
35 verbose parsed spec   rawSpec: '~1.2.4',
35 verbose parsed spec   spec: '>=1.2.4 <1.3.0',
35 verbose parsed spec   type: 'range' }
36 verbose parsed spec { raw: 'intro.js@~0.9.0',
36 verbose parsed spec   scope: null,
36 verbose parsed spec   name: 'intro.js',
36 verbose parsed spec   rawSpec: '~0.9.0',
36 verbose parsed spec   spec: '>=0.9.0 <0.10.0',
36 verbose parsed spec   type: 'range' }
37 verbose addNamed [ 'intro.js', '>=0.9.0 <0.10.0' ]
38 verbose addNamed [ null, '>=0.9.0 <0.10.0' ]
39 silly lockFile d1d74ec8-jquery-2-1-0-2-2-0 jquery@>=2.1.0 <2.2.0
40 verbose lock jquery@>=2.1.0 <2.2.0 /home/daniele/.npm/d1d74ec8-jquery-2-1-0-2-2-0.lock
41 silly lockFile 0dc77cc8-intro-js-0-9-0-0-10-0 intro.js@>=0.9.0 <0.10.0
42 verbose lock intro.js@>=0.9.0 <0.10.0 /home/daniele/.npm/0dc77cc8-intro-js-0-9-0-0-10-0.lock
43 verbose parsed spec { raw: 'bootstrap@~3.2.0',
43 verbose parsed spec   scope: null,
43 verbose parsed spec   name: 'bootstrap',
43 verbose parsed spec   rawSpec: '~3.2.0',
43 verbose parsed spec   spec: '>=3.2.0 <3.3.0',
43 verbose parsed spec   type: 'range' }
44 verbose addNamed [ 'bootstrap', '>=3.2.0 <3.3.0' ]
45 verbose addNamed [ null, '>=3.2.0 <3.3.0' ]
46 silly lockFile c393181d-bootstrap-3-2-0-3-3-0 bootstrap@>=3.2.0 <3.3.0
47 verbose lock bootstrap@>=3.2.0 <3.3.0 /home/daniele/.npm/c393181d-bootstrap-3-2-0-3-3-0.lock
48 verbose parsed spec { raw: 'nprogress@~0.1.6',
48 verbose parsed spec   scope: null,
48 verbose parsed spec   name: 'nprogress',
48 verbose parsed spec   rawSpec: '~0.1.6',
48 verbose parsed spec   spec: '>=0.1.6 <0.2.0',
48 verbose parsed spec   type: 'range' }
49 verbose addNamed [ 'nprogress', '>=0.1.6 <0.2.0' ]
50 verbose addNamed [ null, '>=0.1.6 <0.2.0' ]
51 silly lockFile 6a5bc25b-nprogress-0-1-6-0-2-0 nprogress@>=0.1.6 <0.2.0
52 verbose lock nprogress@>=0.1.6 <0.2.0 /home/daniele/.npm/6a5bc25b-nprogress-0-1-6-0-2-0.lock
53 verbose parsed spec { raw: 'requirejs@~2.1.14',
53 verbose parsed spec   scope: null,
53 verbose parsed spec   name: 'requirejs',
53 verbose parsed spec   rawSpec: '~2.1.14',
53 verbose parsed spec   spec: '>=2.1.14 <2.2.0',
53 verbose parsed spec   type: 'range' }
54 verbose addNamed [ 'requirejs', '>=2.1.14 <2.2.0' ]
55 verbose addNamed [ null, '>=2.1.14 <2.2.0' ]
56 silly lockFile 4cb514a5-requirejs-2-1-14-2-2-0 requirejs@>=2.1.14 <2.2.0
57 verbose lock requirejs@>=2.1.14 <2.2.0 /home/daniele/.npm/4cb514a5-requirejs-2-1-14-2-2-0.lock
58 verbose parsed spec { raw: 'jstree@~3.0.8',
58 verbose parsed spec   scope: null,
58 verbose parsed spec   name: 'jstree',
58 verbose parsed spec   rawSpec: '~3.0.8',
58 verbose parsed spec   spec: '>=3.0.8 <3.1.0',
58 verbose parsed spec   type: 'range' }
59 verbose addNamed [ 'jstree', '>=3.0.8 <3.1.0' ]
60 verbose addNamed [ null, '>=3.0.8 <3.1.0' ]
61 silly lockFile b4cf6118-jstree-3-0-8-3-1-0 jstree@>=3.0.8 <3.1.0
62 verbose lock jstree@>=3.0.8 <3.1.0 /home/daniele/.npm/b4cf6118-jstree-3-0-8-3-1-0.lock
63 verbose parsed spec { raw: 'draggabilly@~1.1.1',
63 verbose parsed spec   scope: null,
63 verbose parsed spec   name: 'draggabilly',
63 verbose parsed spec   rawSpec: '~1.1.1',
63 verbose parsed spec   spec: '>=1.1.1 <1.2.0',
63 verbose parsed spec   type: 'range' }
64 verbose addNamed [ 'draggabilly', '>=1.1.1 <1.2.0' ]
65 verbose addNamed [ null, '>=1.1.1 <1.2.0' ]
66 silly lockFile a9465985-draggabilly-1-1-1-1-2-0 draggabilly@>=1.1.1 <1.2.0
67 verbose lock draggabilly@>=1.1.1 <1.2.0 /home/daniele/.npm/a9465985-draggabilly-1-1-1-1-2-0.lock
68 verbose cache add [ 'isotpe@git://github.com/metafizzy/isotope.git#master', null ]
69 verbose cache add spec="isotpe@git://github.com/metafizzy/isotope.git#master" args=["isotpe@git://github.com/metafizzy/isotope.git#master",null]
70 verbose parsed spec { raw: 'isotpe@git://github.com/metafizzy/isotope.git#master',
70 verbose parsed spec   scope: null,
70 verbose parsed spec   name: 'isotpe',
70 verbose parsed spec   rawSpec: 'git://github.com/metafizzy/isotope.git#master',
70 verbose parsed spec   spec: 'git://github.com/metafizzy/isotope.git#master',
70 verbose parsed spec   type: 'git' }
71 verbose parsed spec { raw: 'packery@~1.2.4',
71 verbose parsed spec   scope: null,
71 verbose parsed spec   name: 'packery',
71 verbose parsed spec   rawSpec: '~1.2.4',
71 verbose parsed spec   spec: '>=1.2.4 <1.3.0',
71 verbose parsed spec   type: 'range' }
72 verbose addNamed [ 'packery', '>=1.2.4 <1.3.0' ]
73 verbose addNamed [ null, '>=1.2.4 <1.3.0' ]
74 silly lockFile 5849acd6-packery-1-2-4-1-3-0 packery@>=1.2.4 <1.3.0
75 verbose lock packery@>=1.2.4 <1.3.0 /home/daniele/.npm/5849acd6-packery-1-2-4-1-3-0.lock
76 verbose parsed spec { raw: 'isotpe@git://github.com/metafizzy/isotope.git#master',
76 verbose parsed spec   scope: null,
76 verbose parsed spec   name: 'isotpe',
76 verbose parsed spec   rawSpec: 'git://github.com/metafizzy/isotope.git#master',
76 verbose parsed spec   spec: 'git://github.com/metafizzy/isotope.git#master',
76 verbose parsed spec   type: 'git' }
77 verbose addRemoteGit u="git://github.com/metafizzy/isotope.git#master" silent=false
78 silly addRemoteGit parsed { protocol: 'git:',
78 silly addRemoteGit   slashes: true,
78 silly addRemoteGit   auth: null,
78 silly addRemoteGit   host: 'github.com',
78 silly addRemoteGit   port: null,
78 silly addRemoteGit   hostname: 'github.com',
78 silly addRemoteGit   hash: '#master',
78 silly addRemoteGit   search: '',
78 silly addRemoteGit   query: {},
78 silly addRemoteGit   pathname: '/metafizzy/isotope.git',
78 silly addRemoteGit   path: '/metafizzy/isotope.git',
78 silly addRemoteGit   href: 'git://github.com/metafizzy/isotope.git#master' }
79 silly lockFile c80b6e0e-github-com-metafizzy-isotope-git git://github.com/metafizzy/isotope.git
80 verbose lock git://github.com/metafizzy/isotope.git /home/daniele/.npm/c80b6e0e-github-com-metafizzy-isotope-git.lock
81 silly addNameRange { name: 'jquery', range: '>=2.1.0 <2.2.0', hasData: false }
82 verbose mapToRegistry name jquery
83 verbose mapToRegistry uri https://registry.npmjs.org/jquery
84 silly addNameRange { name: 'intro.js', range: '>=0.9.0 <0.10.0', hasData: false }
85 verbose mapToRegistry name intro.js
86 verbose mapToRegistry uri https://registry.npmjs.org/intro.js
87 silly addNameRange { name: 'bootstrap', range: '>=3.2.0 <3.3.0', hasData: false }
88 verbose mapToRegistry name bootstrap
89 verbose mapToRegistry uri https://registry.npmjs.org/bootstrap
90 silly addNameRange { name: 'nprogress', range: '>=0.1.6 <0.2.0', hasData: false }
91 verbose mapToRegistry name nprogress
92 verbose mapToRegistry uri https://registry.npmjs.org/nprogress
93 silly addNameRange { name: 'requirejs', range: '>=2.1.14 <2.2.0', hasData: false }
94 verbose mapToRegistry name requirejs
95 verbose mapToRegistry uri https://registry.npmjs.org/requirejs
96 silly addNameRange { name: 'jstree', range: '>=3.0.8 <3.1.0', hasData: false }
97 verbose mapToRegistry name jstree
98 verbose mapToRegistry uri https://registry.npmjs.org/jstree
99 silly addNameRange { name: 'draggabilly', range: '>=1.1.1 <1.2.0', hasData: false }
100 verbose mapToRegistry name draggabilly
101 verbose mapToRegistry uri https://registry.npmjs.org/draggabilly
102 silly addNameRange { name: 'packery', range: '>=1.2.4 <1.3.0', hasData: false }
103 verbose mapToRegistry name packery
104 verbose mapToRegistry uri https://registry.npmjs.org/packery
105 verbose addRemoteGit [ 'git://github.com/metafizzy/isotope.git', 'master' ]
106 verbose request on initialization, where is /jquery
107 verbose request after pass 1, where is /jquery
108 verbose request url raw /jquery
109 verbose request resolving registry [ 'https://registry.npmjs.org/', './jquery' ]
110 verbose request after pass 2, where is https://registry.npmjs.org/jquery
111 verbose request no auth needed
112 info attempt registry request try #1 at 10:21:01
113 verbose request id cf1be9a9081433d8
114 verbose etag "2KVM6XUXX0HJHFLJCP75C15FW"
115 http request GET https://registry.npmjs.org/jquery
116 verbose request on initialization, where is /intro.js
117 verbose request after pass 1, where is /intro.js
118 verbose request url raw /intro.js
119 verbose request resolving registry [ 'https://registry.npmjs.org/', './intro.js' ]
120 verbose request after pass 2, where is https://registry.npmjs.org/intro.js
121 verbose request no auth needed
122 info attempt registry request try #1 at 10:21:01
123 verbose etag "8SUH0C88ZH9WPBBUHG2HEYJ07"
124 http request GET https://registry.npmjs.org/intro.js
125 verbose request on initialization, where is /bootstrap
126 verbose request after pass 1, where is /bootstrap
127 verbose request url raw /bootstrap
128 verbose request resolving registry [ 'https://registry.npmjs.org/', './bootstrap' ]
129 verbose request after pass 2, where is https://registry.npmjs.org/bootstrap
130 verbose request no auth needed
131 info attempt registry request try #1 at 10:21:01
132 verbose etag "623AQYXY6SPB7PVBK1TP6BM51"
133 http request GET https://registry.npmjs.org/bootstrap
134 verbose request on initialization, where is /nprogress
135 verbose request after pass 1, where is /nprogress
136 verbose request url raw /nprogress
137 verbose request resolving registry [ 'https://registry.npmjs.org/', './nprogress' ]
138 verbose request after pass 2, where is https://registry.npmjs.org/nprogress
139 verbose request no auth needed
140 info attempt registry request try #1 at 10:21:01
141 verbose etag "DR71MNMOFDGRQD82634DXUU23"
142 http request GET https://registry.npmjs.org/nprogress
143 verbose request on initialization, where is /requirejs
144 verbose request after pass 1, where is /requirejs
145 verbose request url raw /requirejs
146 verbose request resolving registry [ 'https://registry.npmjs.org/', './requirejs' ]
147 verbose request after pass 2, where is https://registry.npmjs.org/requirejs
148 verbose request no auth needed
149 info attempt registry request try #1 at 10:21:01
150 verbose etag "6OJU17D9DF2VZ3YZRYD4YD4B5"
151 http request GET https://registry.npmjs.org/requirejs
152 verbose request on initialization, where is /draggabilly
153 verbose request after pass 1, where is /draggabilly
154 verbose request url raw /draggabilly
155 verbose request resolving registry [ 'https://registry.npmjs.org/', './draggabilly' ]
156 verbose request after pass 2, where is https://registry.npmjs.org/draggabilly
157 verbose request no auth needed
158 info attempt registry request try #1 at 10:21:01
159 verbose etag "8ZN0CYYW4KWILX7AQOYI07L8R"
160 http request GET https://registry.npmjs.org/draggabilly
161 verbose request on initialization, where is /jstree
162 verbose request after pass 1, where is /jstree
163 verbose request url raw /jstree
164 verbose request resolving registry [ 'https://registry.npmjs.org/', './jstree' ]
165 verbose request after pass 2, where is https://registry.npmjs.org/jstree
166 verbose request no auth needed
167 info attempt registry request try #1 at 10:21:01
168 verbose etag "8FAEBSEZ65P2UUSQKO8OHHRC9"
169 http request GET https://registry.npmjs.org/jstree
170 verbose request on initialization, where is /packery
171 verbose request after pass 1, where is /packery
172 verbose request url raw /packery
173 verbose request resolving registry [ 'https://registry.npmjs.org/', './packery' ]
174 verbose request after pass 2, where is https://registry.npmjs.org/packery
175 verbose request no auth needed
176 info attempt registry request try #1 at 10:21:01
177 verbose etag "A5WC71QGG9SQZ9JHJNIO46BUU"
178 http request GET https://registry.npmjs.org/packery
179 silly lockFile c80b6e0e-github-com-metafizzy-isotope-git git://github.com/metafizzy/isotope.git
180 silly lockFile c80b6e0e-github-com-metafizzy-isotope-git git://github.com/metafizzy/isotope.git
181 http 304 https://registry.npmjs.org/jquery
182 silly registry.get cb [ 304,
182 silly registry.get   { date: 'Thu, 06 Nov 2014 09:21:02 GMT',
182 silly registry.get     server: 'Apache',
182 silly registry.get     via: '1.1 varnish',
182 silly registry.get     'last-modified': 'Thu, 06 Nov 2014 09:21:02 GMT',
182 silly registry.get     'cache-control': 'max-age=60',
182 silly registry.get     etag: '"2KVM6XUXX0HJHFLJCP75C15FW"',
182 silly registry.get     age: '18',
182 silly registry.get     'x-served-by': 'cache-fra1247-FRA',
182 silly registry.get     'x-cache': 'HIT',
182 silly registry.get     'x-cache-hits': '1',
182 silly registry.get     'x-timer': 'S1415265662.055465,VS0,VE0',
182 silly registry.get     vary: 'Accept',
182 silly registry.get     'content-length': '0',
182 silly registry.get     'keep-alive': 'timeout=10, max=50',
182 silly registry.get     connection: 'Keep-Alive' } ]
183 verbose etag https://registry.npmjs.org/jquery from cache
184 http 304 https://registry.npmjs.org/requirejs
185 silly registry.get cb [ 304,
185 silly registry.get   { date: 'Thu, 06 Nov 2014 09:21:02 GMT',
185 silly registry.get     server: 'Apache',
185 silly registry.get     via: '1.1 varnish',
185 silly registry.get     'last-modified': 'Thu, 06 Nov 2014 09:20:22 GMT',
185 silly registry.get     'cache-control': 'max-age=60',
185 silly registry.get     etag: '"6OJU17D9DF2VZ3YZRYD4YD4B5"',
185 silly registry.get     age: '40',
185 silly registry.get     'x-served-by': 'cache-fra1225-FRA',
185 silly registry.get     'x-cache': 'HIT',
185 silly registry.get     'x-cache-hits': '3',
185 silly registry.get     'x-timer': 'S1415265662.058803,VS0,VE0',
185 silly registry.get     vary: 'Accept',
185 silly registry.get     'content-length': '0',
185 silly registry.get     'keep-alive': 'timeout=10, max=50',
185 silly registry.get     connection: 'Keep-Alive' } ]
186 verbose etag https://registry.npmjs.org/requirejs from cache
187 http 304 https://registry.npmjs.org/intro.js
188 silly registry.get cb [ 304,
188 silly registry.get   { date: 'Thu, 06 Nov 2014 09:21:02 GMT',
188 silly registry.get     server: 'Apache',
188 silly registry.get     via: '1.1 varnish',
188 silly registry.get     'last-modified': 'Thu, 06 Nov 2014 09:21:02 GMT',
188 silly registry.get     'cache-control': 'max-age=60',
188 silly registry.get     etag: '"8SUH0C88ZH9WPBBUHG2HEYJ07"',
188 silly registry.get     age: '18',
188 silly registry.get     'x-served-by': 'cache-fra1227-FRA',
188 silly registry.get     'x-cache': 'HIT',
188 silly registry.get     'x-cache-hits': '1',
188 silly registry.get     'x-timer': 'S1415265662.061386,VS0,VE0',
188 silly registry.get     vary: 'Accept',
188 silly registry.get     'content-length': '0',
188 silly registry.get     'keep-alive': 'timeout=10, max=50',
188 silly registry.get     connection: 'Keep-Alive' } ]
189 verbose etag https://registry.npmjs.org/intro.js from cache
190 http 304 https://registry.npmjs.org/bootstrap
191 silly registry.get cb [ 304,
191 silly registry.get   { date: 'Thu, 06 Nov 2014 09:21:02 GMT',
191 silly registry.get     server: 'Apache',
191 silly registry.get     via: '1.1 varnish',
191 silly registry.get     'last-modified': 'Thu, 06 Nov 2014 09:21:02 GMT',
191 silly registry.get     'cache-control': 'max-age=60',
191 silly registry.get     etag: '"623AQYXY6SPB7PVBK1TP6BM51"',
191 silly registry.get     age: '17',
191 silly registry.get     'x-served-by': 'cache-fra1229-FRA',
191 silly registry.get     'x-cache': 'HIT',
191 silly registry.get     'x-cache-hits': '1',
191 silly registry.get     'x-timer': 'S1415265662.065409,VS0,VE0',
191 silly registry.get     vary: 'Accept',
191 silly registry.get     'content-length': '0',
191 silly registry.get     'keep-alive': 'timeout=10, max=50',
191 silly registry.get     connection: 'Keep-Alive' } ]
192 verbose etag https://registry.npmjs.org/bootstrap from cache
193 http 304 https://registry.npmjs.org/nprogress
194 silly registry.get cb [ 304,
194 silly registry.get   { date: 'Thu, 06 Nov 2014 09:21:02 GMT',
194 silly registry.get     server: 'Apache',
194 silly registry.get     via: '1.1 varnish',
194 silly registry.get     'last-modified': 'Thu, 06 Nov 2014 09:21:02 GMT',
194 silly registry.get     'cache-control': 'max-age=60',
194 silly registry.get     etag: '"DR71MNMOFDGRQD82634DXUU23"',
194 silly registry.get     age: '17',
194 silly registry.get     'x-served-by': 'cache-fra1244-FRA',
194 silly registry.get     'x-cache': 'HIT',
194 silly registry.get     'x-cache-hits': '1',
194 silly registry.get     'x-timer': 'S1415265662.068461,VS0,VE0',
194 silly registry.get     vary: 'Accept',
194 silly registry.get     'content-length': '0',
194 silly registry.get     'keep-alive': 'timeout=10, max=50',
194 silly registry.get     connection: 'Keep-Alive' } ]
195 verbose etag https://registry.npmjs.org/nprogress from cache
196 silly addNameRange number 2 { name: 'jquery', range: '>=2.1.0 <2.2.0', hasData: true }
197 silly addNameRange versions [ 'jquery',
197 silly addNameRange   [ '1.5.1',
197 silly addNameRange     '1.6.2',
197 silly addNameRange     '1.6.3',
197 silly addNameRange     '1.7.2',
197 silly addNameRange     '1.7.3',
197 silly addNameRange     '1.8.2',
197 silly addNameRange     '1.8.3',
197 silly addNameRange     '2.1.0-beta2',
197 silly addNameRange     '2.1.0-beta3',
197 silly addNameRange     '1.11.0-beta3',
197 silly addNameRange     '1.11.0-rc1',
197 silly addNameRange     '2.1.0-rc1',
197 silly addNameRange     '1.11.0',
197 silly addNameRange     '2.1.0',
197 silly addNameRange     '2.1.1-beta1',
197 silly addNameRange     '1.11.1-beta1',
197 silly addNameRange     '2.1.1-rc1',
197 silly addNameRange     '1.11.1-rc1',
197 silly addNameRange     '2.1.1-rc2',
197 silly addNameRange     '1.11.1-rc2',
197 silly addNameRange     '2.1.1',
197 silly addNameRange     '1.11.1',
197 silly addNameRange     '1.9.1' ] ]
198 verbose addNamed [ 'jquery', '2.1.1' ]
199 verbose addNamed [ '2.1.1', '2.1.1' ]
200 silly lockFile d79e7587-jquery-2-1-1 jquery@2.1.1
201 verbose lock jquery@2.1.1 /home/daniele/.npm/d79e7587-jquery-2-1-1.lock
202 silly addNameRange number 2 { name: 'requirejs', range: '>=2.1.14 <2.2.0', hasData: true }
203 silly addNameRange versions [ 'requirejs',
203 silly addNameRange   [ '0.26.0',
203 silly addNameRange     '0.27.0',
203 silly addNameRange     '0.27.1',
203 silly addNameRange     '1.0.0',
203 silly addNameRange     '1.0.1',
203 silly addNameRange     '1.0.2',
203 silly addNameRange     '1.0.3',
203 silly addNameRange     '1.0.4',
203 silly addNameRange     '1.0.5',
203 silly addNameRange     '1.0.6',
203 silly addNameRange     '1.0.7',
203 silly addNameRange     '1.0.8',
203 silly addNameRange     '2.0.0',
203 silly addNameRange     '2.0.1',
203 silly addNameRange     '2.0.2',
203 silly addNameRange     '2.0.3',
203 silly addNameRange     '2.0.4',
203 silly addNameRange     '2.0.5',
203 silly addNameRange     '2.0.6',
203 silly addNameRange     '2.1.0',
203 silly addNameRange     '2.1.1',
203 silly addNameRange     '2.1.2',
203 silly addNameRange     '2.1.3',
203 silly addNameRange     '2.1.4',
203 silly addNameRange     '2.1.5',
203 silly addNameRange     '2.1.6',
203 silly addNameRange     '2.1.7',
203 silly addNameRange     '2.1.8',
203 silly addNameRange     '2.1.9',
203 silly addNameRange     '2.1.10',
203 silly addNameRange     '2.1.11',
203 silly addNameRange     '2.1.12',
203 silly addNameRange     '2.1.13',
203 silly addNameRange     '2.1.14',
203 silly addNameRange     '2.1.15' ] ]
204 verbose addNamed [ 'requirejs', '2.1.15' ]
205 verbose addNamed [ '2.1.15', '2.1.15' ]
206 silly lockFile 87818c58-requirejs-2-1-15 requirejs@2.1.15
207 verbose lock requirejs@2.1.15 /home/daniele/.npm/87818c58-requirejs-2-1-15.lock
208 silly addNameRange number 2 { name: 'intro.js', range: '>=0.9.0 <0.10.0', hasData: true }
209 silly addNameRange versions [ 'intro.js', [ '0.6.0', '0.9.0' ] ]
210 verbose addNamed [ 'intro.js', '0.9.0' ]
211 verbose addNamed [ '0.9.0', '0.9.0' ]
212 silly lockFile 37ad3f53-intro-js-0-9-0 intro.js@0.9.0
213 verbose lock intro.js@0.9.0 /home/daniele/.npm/37ad3f53-intro-js-0-9-0.lock
214 silly addNameRange number 2 { name: 'bootstrap', range: '>=3.2.0 <3.3.0', hasData: true }
215 silly addNameRange versions [ 'bootstrap', [ '0.0.1', '0.0.2', '3.1.1', '3.2.0', '3.3.0' ] ]
216 verbose addNamed [ 'bootstrap', '3.2.0' ]
217 verbose addNamed [ '3.2.0', '3.2.0' ]
218 silly lockFile 7808ecef-bootstrap-3-2-0 bootstrap@3.2.0
219 verbose lock bootstrap@3.2.0 /home/daniele/.npm/7808ecef-bootstrap-3-2-0.lock
220 silly addNameRange number 2 { name: 'nprogress', range: '>=0.1.6 <0.2.0', hasData: true }
221 silly addNameRange versions [ 'nprogress', [ '0.1.4', '0.1.5', '0.1.6' ] ]
222 verbose addNamed [ 'nprogress', '0.1.6' ]
223 verbose addNamed [ '0.1.6', '0.1.6' ]
224 silly lockFile 91916eb8-nprogress-0-1-6 nprogress@0.1.6
225 verbose lock nprogress@0.1.6 /home/daniele/.npm/91916eb8-nprogress-0-1-6.lock
226 silly lockFile d79e7587-jquery-2-1-1 jquery@2.1.1
227 silly lockFile d79e7587-jquery-2-1-1 jquery@2.1.1
228 silly lockFile 87818c58-requirejs-2-1-15 requirejs@2.1.15
229 silly lockFile 87818c58-requirejs-2-1-15 requirejs@2.1.15
230 silly lockFile 37ad3f53-intro-js-0-9-0 intro.js@0.9.0
231 silly lockFile 37ad3f53-intro-js-0-9-0 intro.js@0.9.0
232 silly lockFile d1d74ec8-jquery-2-1-0-2-2-0 jquery@>=2.1.0 <2.2.0
233 silly lockFile d1d74ec8-jquery-2-1-0-2-2-0 jquery@>=2.1.0 <2.2.0
234 silly lockFile 4cb514a5-requirejs-2-1-14-2-2-0 requirejs@>=2.1.14 <2.2.0
235 silly lockFile 4cb514a5-requirejs-2-1-14-2-2-0 requirejs@>=2.1.14 <2.2.0
236 silly lockFile 0dc77cc8-intro-js-0-9-0-0-10-0 intro.js@>=0.9.0 <0.10.0
237 silly lockFile 0dc77cc8-intro-js-0-9-0-0-10-0 intro.js@>=0.9.0 <0.10.0
238 silly lockFile 7808ecef-bootstrap-3-2-0 bootstrap@3.2.0
239 silly lockFile 7808ecef-bootstrap-3-2-0 bootstrap@3.2.0
240 silly lockFile c393181d-bootstrap-3-2-0-3-3-0 bootstrap@>=3.2.0 <3.3.0
241 silly lockFile c393181d-bootstrap-3-2-0-3-3-0 bootstrap@>=3.2.0 <3.3.0
242 silly lockFile 91916eb8-nprogress-0-1-6 nprogress@0.1.6
243 silly lockFile 91916eb8-nprogress-0-1-6 nprogress@0.1.6
244 silly lockFile 6a5bc25b-nprogress-0-1-6-0-2-0 nprogress@>=0.1.6 <0.2.0
245 silly lockFile 6a5bc25b-nprogress-0-1-6-0-2-0 nprogress@>=0.1.6 <0.2.0
246 http 304 https://registry.npmjs.org/draggabilly
247 silly registry.get cb [ 304,
247 silly registry.get   { date: 'Thu, 06 Nov 2014 09:21:02 GMT',
247 silly registry.get     server: 'Apache',
247 silly registry.get     via: '1.1 varnish',
247 silly registry.get     'last-modified': 'Thu, 06 Nov 2014 09:21:02 GMT',
247 silly registry.get     'cache-control': 'max-age=60',
247 silly registry.get     etag: '"8ZN0CYYW4KWILX7AQOYI07L8R"',
247 silly registry.get     age: '18',
247 silly registry.get     'x-served-by': 'cache-fra1247-FRA',
247 silly registry.get     'x-cache': 'HIT',
247 silly registry.get     'x-cache-hits': '1',
247 silly registry.get     'x-timer': 'S1415265662.094676,VS0,VE0',
247 silly registry.get     vary: 'Accept',
247 silly registry.get     'content-length': '0',
247 silly registry.get     'keep-alive': 'timeout=10, max=49',
247 silly registry.get     connection: 'Keep-Alive' } ]
248 verbose etag https://registry.npmjs.org/draggabilly from cache
249 http 304 https://registry.npmjs.org/jstree
250 silly registry.get cb [ 304,
250 silly registry.get   { date: 'Thu, 06 Nov 2014 09:21:02 GMT',
250 silly registry.get     server: 'Apache',
250 silly registry.get     via: '1.1 varnish',
250 silly registry.get     'last-modified': 'Thu, 06 Nov 2014 09:21:02 GMT',
250 silly registry.get     'cache-control': 'max-age=60',
250 silly registry.get     etag: '"8FAEBSEZ65P2UUSQKO8OHHRC9"',
250 silly registry.get     age: '18',
250 silly registry.get     'x-served-by': 'cache-fra1225-FRA',
250 silly registry.get     'x-cache': 'HIT',
250 silly registry.get     'x-cache-hits': '1',
250 silly registry.get     'x-timer': 'S1415265662.096536,VS0,VE0',
250 silly registry.get     vary: 'Accept',
250 silly registry.get     'content-length': '0',
250 silly registry.get     'keep-alive': 'timeout=10, max=49',
250 silly registry.get     connection: 'Keep-Alive' } ]
251 verbose etag https://registry.npmjs.org/jstree from cache
252 http 304 https://registry.npmjs.org/packery
253 silly registry.get cb [ 304,
253 silly registry.get   { date: 'Thu, 06 Nov 2014 09:21:02 GMT',
253 silly registry.get     server: 'Apache',
253 silly registry.get     via: '1.1 varnish',
253 silly registry.get     'last-modified': 'Thu, 06 Nov 2014 09:21:02 GMT',
253 silly registry.get     'cache-control': 'max-age=60',
253 silly registry.get     etag: '"A5WC71QGG9SQZ9JHJNIO46BUU"',
253 silly registry.get     age: '17',
253 silly registry.get     'x-served-by': 'cache-fra1227-FRA',
253 silly registry.get     'x-cache': 'HIT',
253 silly registry.get     'x-cache-hits': '1',
253 silly registry.get     'x-timer': 'S1415265662.097093,VS0,VE0',
253 silly registry.get     vary: 'Accept',
253 silly registry.get     'content-length': '0',
253 silly registry.get     'keep-alive': 'timeout=10, max=49',
253 silly registry.get     connection: 'Keep-Alive' } ]
254 verbose etag https://registry.npmjs.org/packery from cache
255 silly addNameRange number 2 { name: 'draggabilly', range: '>=1.1.1 <1.2.0', hasData: true }
256 silly addNameRange versions [ 'draggabilly', [ '1.1.0', '1.1.1' ] ]
257 verbose addNamed [ 'draggabilly', '1.1.1' ]
258 verbose addNamed [ '1.1.1', '1.1.1' ]
259 silly lockFile 87f4770e-draggabilly-1-1-1 draggabilly@1.1.1
260 verbose lock draggabilly@1.1.1 /home/daniele/.npm/87f4770e-draggabilly-1-1-1.lock
261 silly addNameRange number 2 { name: 'jstree', range: '>=3.0.8 <3.1.0', hasData: true }
262 silly addNameRange versions [ 'jstree',
262 silly addNameRange   [ '3.0.0-beta10',
262 silly addNameRange     '3.0.0',
262 silly addNameRange     '3.0.1',
262 silly addNameRange     '3.0.2',
262 silly addNameRange     '3.0.3',
262 silly addNameRange     '3.0.4',
262 silly addNameRange     '3.0.5',
262 silly addNameRange     '3.0.6',
262 silly addNameRange     '3.0.7',
262 silly addNameRange     '3.0.8' ] ]
263 verbose addNamed [ 'jstree', '3.0.8' ]
264 verbose addNamed [ '3.0.8', '3.0.8' ]
265 silly lockFile 245f0f74-jstree-3-0-8 jstree@3.0.8
266 verbose lock jstree@3.0.8 /home/daniele/.npm/245f0f74-jstree-3-0-8.lock
267 silly addNameRange number 2 { name: 'packery', range: '>=1.2.4 <1.3.0', hasData: true }
268 silly addNameRange versions [ 'packery', [ '1.2.4' ] ]
269 verbose addNamed [ 'packery', '1.2.4' ]
270 verbose addNamed [ '1.2.4', '1.2.4' ]
271 silly lockFile c175ffa8-packery-1-2-4 packery@1.2.4
272 verbose lock packery@1.2.4 /home/daniele/.npm/c175ffa8-packery-1-2-4.lock
273 silly lockFile 87f4770e-draggabilly-1-1-1 draggabilly@1.1.1
274 silly lockFile 87f4770e-draggabilly-1-1-1 draggabilly@1.1.1
275 silly lockFile 245f0f74-jstree-3-0-8 jstree@3.0.8
276 silly lockFile 245f0f74-jstree-3-0-8 jstree@3.0.8
277 silly lockFile a9465985-draggabilly-1-1-1-1-2-0 draggabilly@>=1.1.1 <1.2.0
278 silly lockFile a9465985-draggabilly-1-1-1-1-2-0 draggabilly@>=1.1.1 <1.2.0
279 silly lockFile b4cf6118-jstree-3-0-8-3-1-0 jstree@>=3.0.8 <3.1.0
280 silly lockFile b4cf6118-jstree-3-0-8-3-1-0 jstree@>=3.0.8 <3.1.0
281 silly lockFile c175ffa8-packery-1-2-4 packery@1.2.4
282 silly lockFile c175ffa8-packery-1-2-4 packery@1.2.4
283 silly lockFile 5849acd6-packery-1-2-4-1-3-0 packery@>=1.2.4 <1.3.0
284 silly lockFile 5849acd6-packery-1-2-4-1-3-0 packery@>=1.2.4 <1.3.0
285 verbose stack Error: EACCES, mkdir '/home/daniele/.npm/_git-remotes/git-github-com-metafizzy-isotope-git-c80b6e0e'
286 verbose cwd /home/daniele/GitRepos/FENIX/fenix-ui-analysis
287 error Linux 3.5.0-51-generic
288 error argv "node" "/usr/bin/npm" "install"
289 error node v0.10.28
290 error npm  v2.0.1
291 error path /home/daniele/.npm/_git-remotes/git-github-com-metafizzy-isotope-git-c80b6e0e
292 error code EACCES
293 error errno 3
294 error Error: EACCES, mkdir '/home/daniele/.npm/_git-remotes/git-github-com-metafizzy-isotope-git-c80b6e0e'
294 error  { [Error: EACCES, mkdir '/home/daniele/.npm/_git-remotes/git-github-com-metafizzy-isotope-git-c80b6e0e']
294 error   errno: 3,
294 error   code: 'EACCES',
294 error   path: '/home/daniele/.npm/_git-remotes/git-github-com-metafizzy-isotope-git-c80b6e0e',
294 error   parent: 'fenix-ui-analysis' }
295 error Please try running this command again as root/Administrator.
296 verbose exit [ 3, true ]
